d:\2022networkgame\termproject\networkproject\컴그 실습\release\vc143.pdb
d:\2022networkgame\termproject\networkproject\컴그 실습\release\snow.obj
d:\2022networkgame\termproject\networkproject\컴그 실습\release\object.obj
d:\2022networkgame\termproject\networkproject\컴그 실습\release\line.obj
d:\2022networkgame\termproject\networkproject\컴그 실습\release\grass.obj
d:\2022networkgame\termproject\networkproject\컴그 실습\release\game.obj
d:\2022networkgame\termproject\networkproject\컴그 실습\release\cubemap.obj
d:\2022networkgame\termproject\networkproject\컴그 실습\release\cube.obj
d:\2022networkgame\termproject\networkproject\컴그 실습\release\circle.obj
d:\2022networkgame\termproject\networkproject\컴그 실습\release\bow.obj
d:\2022networkgame\termproject\networkproject\컴그 실습\release\board.obj
d:\2022networkgame\termproject\networkproject\컴그 실습\release\arrow.obj
d:\2022networkgame\termproject\networkproject\release\컴그 실습.exe
d:\2022networkgame\termproject\networkproject\컴그 실습\release\컴그 실습.ipdb
d:\2022networkgame\termproject\networkproject\컴그 실습\release\컴그 실습.iobj
d:\2022networkgame\termproject\networkproject\release\컴그 실습.pdb
d:\2022networkgame\termproject\networkproject\컴그 실습\release\컴그 실습.tlog\cl.command.1.tlog
d:\2022networkgame\termproject\networkproject\컴그 실습\release\컴그 실습.tlog\cl.read.1.tlog
d:\2022networkgame\termproject\networkproject\컴그 실습\release\컴그 실습.tlog\cl.write.1.tlog
d:\2022networkgame\termproject\networkproject\컴그 실습\release\컴그 실습.tlog\link.command.1.tlog
d:\2022networkgame\termproject\networkproject\컴그 실습\release\컴그 실습.tlog\link.read.1.tlog
d:\2022networkgame\termproject\networkproject\컴그 실습\release\컴그 실습.tlog\link.write.1.tlog
